<?xml version="1.0" encoding="UTF-8"?>
<!-- Generated by org.testng.reporters.JUnitXMLReporter -->
<testsuite hostname="DESKTOP-2N65I5E" ignored="0" name="Default test" tests="3" failures="1" timestamp="2022-03-22T22:24:07 EDT" time="14.085" errors="0">
  <testcase name="runScenario" time="5.767" classname="io.cucumber.testng.AbstractTestNGCucumberTests"/>
  <testcase name="runScenario" time="3.63" classname="io.cucumber.testng.AbstractTestNGCucumberTests"/>
  <testcase name="runScenario" time="3.852" classname="io.cucumber.testng.AbstractTestNGCucumberTests">
    <failure type="java.lang.NullPointerException">
      <![CDATA[java.lang.NullPointerException
at com.careerhack.steps.GoogleSearchHeists.i_enter_a_search(GoogleSearchHeists.java:33)
at ✽.I enter a search "<keyword>"(file:///C:/Users/fahad/eclipse-workspace_Juma2022/QAHeist/src/basic/Features/GoogleSearchHeists.feature:6)
]]>
    </failure>
  </testcase> <!-- runScenario -->
</testsuite> <!-- Default test -->
