<?xml version="1.0" encoding="UTF-8"?>
<testng-results skipped="0" failed="1" ignored="0" total="3" passed="2">
  <reporter-output>
  </reporter-output>
  <suite name="Default suite" duration-ms="14085" started-at="2022-03-22T22:23:53 EDT" finished-at="2022-03-22T22:24:07 EDT">
    <groups>
      <group name="cucumber">
        <method signature="AbstractTestNGCucumberTests.runScenario(io.cucumber.testng.PickleWrapper, io.cucumber.testng.FeatureWrapper)[pri:0, instance:com.careerhack.runners.TestRunner@307f6b8c]" name="runScenario" class="io.cucumber.testng.AbstractTestNGCucumberTests"/>
      </group> <!-- cucumber -->
    </groups>
    <test name="Default test" duration-ms="14085" started-at="2022-03-22T22:23:53 EDT" finished-at="2022-03-22T22:24:07 EDT">
      <class name="com.careerhack.runners.TestRunner">
        <test-method status="PASS" signature="setUpClass()[pri:0, instance:com.careerhack.runners.TestRunner@307f6b8c]" name="setUpClass" is-config="true" duration-ms="696" started-at="2022-03-22T22:23:53 EDT" finished-at="2022-03-22T22:23:54 EDT">
          <reporter-output>
          </reporter-output>
        </test-method> <!-- setUpClass -->
        <test-method status="PASS" signature="runScenario(io.cucumber.testng.PickleWrapper, io.cucumber.testng.FeatureWrapper)[pri:0, instance:com.careerhack.runners.TestRunner@307f6b8c]" name="runScenario" duration-ms="5767" started-at="2022-03-22T22:23:54 EDT" description="Runs Cucumber Scenarios" data-provider="scenarios" finished-at="2022-03-22T22:23:59 EDT">
          <params>
            <param index="0">
              <value>
                <![CDATA["feeling lucky - google search"]]>
              </value>
            </param>
            <param index="1">
              <value>
                <![CDATA["Optional[google search - Feeling Lucky]"]]>
              </value>
            </param>
          </params>
          <reporter-output>
          </reporter-output>
        </test-method> <!-- runScenario -->
        <test-method status="PASS" signature="runScenario(io.cucumber.testng.PickleWrapper, io.cucumber.testng.FeatureWrapper)[pri:0, instance:com.careerhack.runners.TestRunner@307f6b8c]" name="runScenario" duration-ms="3630" started-at="2022-03-22T22:23:59 EDT" description="Runs Cucumber Scenarios" data-provider="scenarios" finished-at="2022-03-22T22:24:03 EDT">
          <params>
            <param index="0">
              <value>
                <![CDATA["feeling lucky - google search"]]>
              </value>
            </param>
            <param index="1">
              <value>
                <![CDATA["Optional[google search - Feeling Lucky]"]]>
              </value>
            </param>
          </params>
          <reporter-output>
          </reporter-output>
        </test-method> <!-- runScenario -->
        <test-method status="FAIL" signature="runScenario(io.cucumber.testng.PickleWrapper, io.cucumber.testng.FeatureWrapper)[pri:0, instance:com.careerhack.runners.TestRunner@307f6b8c]" name="runScenario" duration-ms="3852" started-at="2022-03-22T22:24:03 EDT" description="Runs Cucumber Scenarios" data-provider="scenarios" finished-at="2022-03-22T22:24:07 EDT">
          <params>
            <param index="0">
              <value>
                <![CDATA["simple keyword search"]]>
              </value>
            </param>
            <param index="1">
              <value>
                <![CDATA["Optional[google search]"]]>
              </value>
            </param>
          </params>
          <exception class="java.lang.NullPointerException">
            <full-stacktrace>
              <![CDATA[java.lang.NullPointerException
at com.careerhack.steps.GoogleSearchHeists.i_enter_a_search(GoogleSearchHeists.java:33)
at ✽.I enter a search "<keyword>"(file:///C:/Users/fahad/eclipse-workspace_Juma2022/QAHeist/src/basic/Features/GoogleSearchHeists.feature:6)
]]>
            </full-stacktrace>
          </exception> <!-- java.lang.NullPointerException -->
          <reporter-output>
          </reporter-output>
        </test-method> <!-- runScenario -->
        <test-method status="PASS" signature="tearDownClass()[pri:0, instance:com.careerhack.runners.TestRunner@307f6b8c]" name="tearDownClass" is-config="true" duration-ms="47" started-at="2022-03-22T22:24:07 EDT" finished-at="2022-03-22T22:24:07 EDT">
          <reporter-output>
          </reporter-output>
        </test-method> <!-- tearDownClass -->
      </class> <!-- com.careerhack.runners.TestRunner -->
    </test> <!-- Default test -->
  </suite> <!-- Default suite -->
</testng-results>
