<?xml version="1.0" encoding="UTF-8"?>
<!-- Generated by org.testng.reporters.JUnitReportReporter -->
<testsuite skipped="0" hostname="DESKTOP-2N65I5E" name="com.careerhack.runners.TestRunner" tests="3" failures="0" timestamp="2022-03-22T22:24:07 EDT" time="13.249" errors="1">
  <testcase name="runScenario" time="5.767" classname="com.careerhack.runners.TestRunner"/>
  <system-out/>
  <testcase name="runScenario" time="3.630" classname="com.careerhack.runners.TestRunner"/>
  <system-out/>
  <testcase name="runScenario" time="3.852" classname="com.careerhack.runners.TestRunner">
    <error type="java.lang.NullPointerException">
      <![CDATA[java.lang.NullPointerException
at com.careerhack.steps.GoogleSearchHeists.i_enter_a_search(GoogleSearchHeists.java:33)
at ✽.I enter a search "<keyword>"(file:///C:/Users/fahad/eclipse-workspace_Juma2022/QAHeist/src/basic/Features/GoogleSearchHeists.feature:6)
]]>
    </error>
  </testcase> <!-- runScenario -->
  <system-out/>
</testsuite> <!-- com.careerhack.runners.TestRunner -->
